<?xml version="1.0" encoding="UTF-8"?>
<!-- Generated by org.testng.reporters.JUnitReportReporter -->
<testsuite hostname="AARAV" name="Shyena.FacilitatorWebApplication.ExtendedReport" tests="1" failures="0" timestamp="19 Aug 2020 18:49:38 GMT" time="1.126" errors="0">
  <testcase name="m" time="1.126" classname="Shyena.FacilitatorWebApplication.ExtendedReport"/>
</testsuite> <!-- Shyena.FacilitatorWebApplication.ExtendedReport -->
