<?xml version="1.0" encoding="UTF-8"?>
<!-- Generated by org.testng.reporters.JUnitReportReporter -->
<testsuite hostname="AARAV" name="Shyena.FacilitatorWebApplication.LoginTest" tests="1" failures="0" timestamp="26 Aug 2020 02:59:23 GMT" time="3.743" errors="0">
  <testcase name="LoginTest" time="3.743" classname="Shyena.FacilitatorWebApplication.LoginTest"/>
</testsuite> <!-- Shyena.FacilitatorWebApplication.LoginTest -->
