<?xml version="1.0" encoding="UTF-8"?>
<!-- Generated by org.testng.reporters.JUnitReportReporter -->
<testsuite hostname="AARAV" name="Shyena.FacilitatorWebApplication.BaseClass" tests="1" failures="0" timestamp="16 Aug 2020 11:53:16 GMT" time="0.007" errors="0">
  <testcase name="f" time="0.007" classname="Shyena.FacilitatorWebApplication.BaseClass"/>
</testsuite> <!-- Shyena.FacilitatorWebApplication.BaseClass -->
