<?xml version="1.0" encoding="UTF-8"?>
<!-- Generated by org.testng.reporters.JUnitReportReporter -->
<testsuite hostname="AARAV" name="Shyena.FacilitatorWebApplication.RoleTest" tests="2" failures="0" timestamp="26 Aug 2020 03:20:59 GMT" time="22.726" errors="0">
  <testcase name="RoleTest" time="20.209" classname="Shyena.FacilitatorWebApplication.RoleTest"/>
  <testcase name="editRole" time="2.517" classname="Shyena.FacilitatorWebApplication.RoleTest"/>
</testsuite> <!-- Shyena.FacilitatorWebApplication.RoleTest -->
